# JRE version: Java(TM) SE Runtime Environment (17.0.12+8) (build 17.0.12+8-LTS-286)
# Java VM: Java HotSpot(TM) 64-Bit Server VM (17.0.12+8-LTS-286, mixed mode, sharing, tiered, compressed oops, compressed class ptrs, parallel gc, windows-amd64)
GC Precious Log:
 CPUs: 8 total, 8 available
 Memory: 7914M
 Large Page Support: Disabled
 NUMA Support: Disabled
 Compressed Oops: Enabled (Zero based)
 Alignments: Space 512K, Generation 512K, Heap 2M
 Heap Min Capacity: 8M
 Heap Initial Capacity: 124M
 Heap Max Capacity: 4G
 Pre-touch: Disabled
 Parallel Workers: 8
Heap:
 PSYoungGen      total 104448K, used 94701K [0x00000007aab00000, 0x00000007b2280000, 0x0000000800000000)
  eden space 94720K, 93% used [0x00000007aab00000,0x00000007b0142198,0x00000007b0780000)
  from space 9728K, 65% used [0x00000007b1900000,0x00000007b1f39350,0x00000007b2280000)
  to   space 13824K, 0% used [0x00000007b0780000,0x00000007b0780000,0x00000007b1500000)
 ParOldGen       total 84992K, used 68598K [0x0000000700000000, 0x0000000705300000, 0x00000007aab00000)
  object space 84992K, 80% used [0x0000000700000000,0x00000007042fdad8,0x0000000705300000)
 Metaspace       used 129724K, committed 130560K, reserved 1179648K
  class space    used 16371K, committed 16768K, reserved 1048576K
GC Heap History (20 events):
Event: 20.001 GC heap before
{Heap before GC invocations=19 (full 3):
 PSYoungGen      total 136704K, used 9928K [0x00000007aab00000, 0x00000007b4100000, 0x0000000800000000)
  eden space 122880K, 0% used [0x00000007aab00000,0x00000007aab00000,0x00000007b2300000)
  from space 13824K, 71% used [0x00000007b3180000,0x00000007b3b32300,0x00000007b3f00000)
  to   space 14848K, 0% used [0x00000007b2300000,0x00000007b2300000,0x00000007b3180000)
 ParOldGen       total 84992K, used 42770K [0x0000000700000000, 0x0000000705300000, 0x00000007aab00000)
  object space 84992K, 50% used [0x0000000700000000,0x00000007029c48f0,0x0000000705300000)
 Metaspace       used 59300K, committed 59776K, reserved 1114112K
  class space    used 8286K, committed 8512K, reserved 1048576K
}
Event: 20.150 GC heap after
{Heap after GC invocations=19 (full 3):
 PSYoungGen      total 136704K, used 0K [0x00000007aab00000, 0x00000007b4100000, 0x0000000800000000)
  eden space 122880K, 0% used [0x00000007aab00000,0x00000007aab00000,0x00000007b2300000)
  from space 13824K, 0% used [0x00000007b3180000,0x00000007b3180000,0x00000007b3f00000)
  to   space 14848K, 0% used [0x00000007b2300000,0x00000007b2300000,0x00000007b3180000)
 ParOldGen       total 84992K, used 52180K [0x0000000700000000, 0x0000000705300000, 0x00000007aab00000)
  object space 84992K, 61% used [0x0000000700000000,0x00000007032f5290,0x0000000705300000)
 Metaspace       used 59300K, committed 59776K, reserved 1114112K
  class space    used 8286K, committed 8512K, reserved 1048576K
}
Event: 23.101 GC heap before
{Heap before GC invocations=20 (full 3):
 PSYoungGen      total 136704K, used 122880K [0x00000007aab00000, 0x00000007b4100000, 0x0000000800000000)
  eden space 122880K, 100% used [0x00000007aab00000,0x00000007b2300000,0x00000007b2300000)
  from space 13824K, 0% used [0x00000007b3180000,0x00000007b3180000,0x00000007b3f00000)
  to   space 14848K, 0% used [0x00000007b2300000,0x00000007b2300000,0x00000007b3180000)
 ParOldGen       total 84992K, used 52180K [0x0000000700000000, 0x0000000705300000, 0x00000007aab00000)
  object space 84992K, 61% used [0x0000000700000000,0x00000007032f5290,0x0000000705300000)
 Metaspace       used 71736K, committed 72256K, reserved 1114112K
  class space    used 9683K, committed 9920K, reserved 1048576K
}
Event: 23.112 GC heap after
{Heap after GC invocations=20 (full 3):
 PSYoungGen      total 124928K, used 6385K [0x00000007aab00000, 0x00000007b3a80000, 0x0000000800000000)
  eden space 118272K, 0% used [0x00000007aab00000,0x00000007aab00000,0x00000007b1e80000)
  from space 6656K, 95% used [0x00000007b2300000,0x00000007b293c640,0x00000007b2980000)
  to   space 14336K, 0% used [0x00000007b2c80000,0x00000007b2c80000,0x00000007b3a80000)
 ParOldGen       total 84992K, used 52188K [0x0000000700000000, 0x0000000705300000, 0x00000007aab00000)
  object space 84992K, 61% used [0x0000000700000000,0x00000007032f7290,0x0000000705300000)
 Metaspace       used 71736K, committed 72256K, reserved 1114112K
  class space    used 9683K, committed 9920K, reserved 1048576K
}
Event: 27.764 GC heap before
{Heap before GC invocations=21 (full 3):
 PSYoungGen      total 124928K, used 124657K [0x00000007aab00000, 0x00000007b3a80000, 0x0000000800000000)
  eden space 118272K, 100% used [0x00000007aab00000,0x00000007b1e80000,0x00000007b1e80000)
  from space 6656K, 95% used [0x00000007b2300000,0x00000007b293c640,0x00000007b2980000)
  to   space 14336K, 0% used [0x00000007b2c80000,0x00000007b2c80000,0x00000007b3a80000)
 ParOldGen       total 84992K, used 52188K [0x0000000700000000, 0x0000000705300000, 0x00000007aab00000)
  object space 84992K, 61% used [0x0000000700000000,0x00000007032f7290,0x0000000705300000)
 Metaspace       used 82576K, committed 83136K, reserved 1179648K
  class space    used 10897K, committed 11136K, reserved 1048576K
}
Event: 27.790 GC heap after
{Heap after GC invocations=21 (full 3):
 PSYoungGen      total 123392K, used 8960K [0x00000007aab00000, 0x00000007b3600000, 0x0000000800000000)
  eden space 113664K, 0% used [0x00000007aab00000,0x00000007aab00000,0x00000007b1a00000)
  from space 9728K, 92% used [0x00000007b2c80000,0x00000007b3540058,0x00000007b3600000)
  to   space 14336K, 0% used [0x00000007b1a00000,0x00000007b1a00000,0x00000007b2800000)
 ParOldGen       total 84992K, used 58372K [0x0000000700000000, 0x0000000705300000, 0x00000007aab00000)
  object space 84992K, 68% used [0x0000000700000000,0x00000007039010d8,0x0000000705300000)
 Metaspace       used 82576K, committed 83136K, reserved 1179648K
  class space    used 10897K, committed 11136K, reserved 1048576K
}
Event: 31.041 GC heap before
{Heap before GC invocations=22 (full 3):
 PSYoungGen      total 123392K, used 122624K [0x00000007aab00000, 0x00000007b3600000, 0x0000000800000000)
  eden space 113664K, 100% used [0x00000007aab00000,0x00000007b1a00000,0x00000007b1a00000)
  from space 9728K, 92% used [0x00000007b2c80000,0x00000007b3540058,0x00000007b3600000)
  to   space 14336K, 0% used [0x00000007b1a00000,0x00000007b1a00000,0x00000007b2800000)
 ParOldGen       total 84992K, used 58372K [0x0000000700000000, 0x0000000705300000, 0x00000007aab00000)
  object space 84992K, 68% used [0x0000000700000000,0x00000007039010d8,0x0000000705300000)
 Metaspace       used 97443K, committed 98112K, reserved 1179648K
  class space    used 12557K, committed 12864K, reserved 1048576K
}
Event: 31.059 GC heap after
{Heap after GC invocations=22 (full 3):
 PSYoungGen      total 113152K, used 3568K [0x00000007aab00000, 0x00000007b3200000, 0x0000000800000000)
  eden space 109568K, 0% used [0x00000007aab00000,0x00000007aab00000,0x00000007b1600000)
  from space 3584K, 99% used [0x00000007b1a00000,0x00000007b1d7c010,0x00000007b1d80000)
  to   space 14336K, 0% used [0x00000007b2400000,0x00000007b2400000,0x00000007b3200000)
 ParOldGen       total 84992K, used 67052K [0x0000000700000000, 0x0000000705300000, 0x00000007aab00000)
  object space 84992K, 78% used [0x0000000700000000,0x000000070417b238,0x0000000705300000)
 Metaspace       used 97443K, committed 98112K, reserved 1179648K
  class space    used 12557K, committed 12864K, reserved 1048576K
}
Event: 31.380 GC heap before
{Heap before GC invocations=23 (full 3):
 PSYoungGen      total 113152K, used 17288K [0x00000007aab00000, 0x00000007b3200000, 0x0000000800000000)
  eden space 109568K, 12% used [0x00000007aab00000,0x00000007ab866230,0x00000007b1600000)
  from space 3584K, 99% used [0x00000007b1a00000,0x00000007b1d7c010,0x00000007b1d80000)
  to   space 14336K, 0% used [0x00000007b2400000,0x00000007b2400000,0x00000007b3200000)
 ParOldGen       total 84992K, used 67052K [0x0000000700000000, 0x0000000705300000, 0x00000007aab00000)
  object space 84992K, 78% used [0x0000000700000000,0x000000070417b238,0x0000000705300000)
 Metaspace       used 99065K, committed 99648K, reserved 1179648K
  class space    used 12780K, committed 13056K, reserved 1048576K
}
Event: 31.386 GC heap after
{Heap after GC invocations=23 (full 3):
 PSYoungGen      total 123904K, used 597K [0x00000007aab00000, 0x00000007b3200000, 0x0000000800000000)
  eden space 109568K, 0% used [0x00000007aab00000,0x00000007aab00000,0x00000007b1600000)
  from space 14336K, 4% used [0x00000007b2400000,0x00000007b2495610,0x00000007b3200000)
  to   space 14336K, 0% used [0x00000007b1600000,0x00000007b1600000,0x00000007b2400000)
 ParOldGen       total 84992K, used 70428K [0x0000000700000000, 0x0000000705300000, 0x00000007aab00000)
  object space 84992K, 82% used [0x0000000700000000,0x00000007044c7258,0x0000000705300000)
 Metaspace       used 99065K, committed 99648K, reserved 1179648K
  class space    used 12780K, committed 13056K, reserved 1048576K
}
Event: 31.386 GC heap before
{Heap before GC invocations=24 (full 4):
 PSYoungGen      total 123904K, used 597K [0x00000007aab00000, 0x00000007b3200000, 0x0000000800000000)
  eden space 109568K, 0% used [0x00000007aab00000,0x00000007aab00000,0x00000007b1600000)
  from space 14336K, 4% used [0x00000007b2400000,0x00000007b2495610,0x00000007b3200000)
  to   space 14336K, 0% used [0x00000007b1600000,0x00000007b1600000,0x00000007b2400000)
 ParOldGen       total 84992K, used 70428K [0x0000000700000000, 0x0000000705300000, 0x00000007aab00000)
  object space 84992K, 82% used [0x0000000700000000,0x00000007044c7258,0x0000000705300000)
 Metaspace       used 99065K, committed 99648K, reserved 1179648K
  class space    used 12780K, committed 13056K, reserved 1048576K
}
Event: 31.486 GC heap after
{Heap after GC invocations=24 (full 4):
 PSYoungGen      total 123904K, used 0K [0x00000007aab00000, 0x00000007b3200000, 0x0000000800000000)
  eden space 109568K, 0% used [0x00000007aab00000,0x00000007aab00000,0x00000007b1600000)
  from space 14336K, 0% used [0x00000007b2400000,0x00000007b2400000,0x00000007b3200000)
  to   space 14336K, 0% used [0x00000007b1600000,0x00000007b1600000,0x00000007b2400000)
 ParOldGen       total 84992K, used 61191K [0x0000000700000000, 0x0000000705300000, 0x00000007aab00000)
  object space 84992K, 71% used [0x0000000700000000,0x0000000703bc1d38,0x0000000705300000)
 Metaspace       used 99065K, committed 99648K, reserved 1179648K
  class space    used 12780K, committed 13056K, reserved 1048576K
}
Event: 33.837 GC heap before
{Heap before GC invocations=25 (full 4):
 PSYoungGen      total 123904K, used 109568K [0x00000007aab00000, 0x00000007b3200000, 0x0000000800000000)
  eden space 109568K, 100% used [0x00000007aab00000,0x00000007b1600000,0x00000007b1600000)
  from space 14336K, 0% used [0x00000007b2400000,0x00000007b2400000,0x00000007b3200000)
  to   space 14336K, 0% used [0x00000007b1600000,0x00000007b1600000,0x00000007b2400000)
 ParOldGen       total 84992K, used 61191K [0x0000000700000000, 0x0000000705300000, 0x00000007aab00000)
  object space 84992K, 71% used [0x0000000700000000,0x0000000703bc1d38,0x0000000705300000)
 Metaspace       used 103127K, committed 103808K, reserved 1179648K
  class space    used 13246K, committed 13568K, reserved 1048576K
}
Event: 33.841 GC heap after
{Heap after GC invocations=25 (full 4):
 PSYoungGen      total 107008K, used 1088K [0x00000007aab00000, 0x00000007b2e00000, 0x0000000800000000)
  eden space 105472K, 0% used [0x00000007aab00000,0x00000007aab00000,0x00000007b1200000)
  from space 1536K, 70% used [0x00000007b1600000,0x00000007b1710000,0x00000007b1780000)
  to   space 14336K, 0% used [0x00000007b2000000,0x00000007b2000000,0x00000007b2e00000)
 ParOldGen       total 84992K, used 61199K [0x0000000700000000, 0x0000000705300000, 0x00000007aab00000)
  object space 84992K, 72% used [0x0000000700000000,0x0000000703bc3d38,0x0000000705300000)
 Metaspace       used 103127K, committed 103808K, reserved 1179648K
  class space    used 13246K, committed 13568K, reserved 1048576K
}
Event: 35.779 GC heap before
{Heap before GC invocations=26 (full 4):
 PSYoungGen      total 107008K, used 106560K [0x00000007aab00000, 0x00000007b2e00000, 0x0000000800000000)
  eden space 105472K, 100% used [0x00000007aab00000,0x00000007b1200000,0x00000007b1200000)
  from space 1536K, 70% used [0x00000007b1600000,0x00000007b1710000,0x00000007b1780000)
  to   space 14336K, 0% used [0x00000007b2000000,0x00000007b2000000,0x00000007b2e00000)
 ParOldGen       total 84992K, used 61199K [0x0000000700000000, 0x0000000705300000, 0x00000007aab00000)
  object space 84992K, 72% used [0x0000000700000000,0x0000000703bc3d38,0x0000000705300000)
 Metaspace       used 111660K, committed 112384K, reserved 1179648K
  class space    used 14329K, committed 14656K, reserved 1048576K
}
Event: 35.787 GC heap after
{Heap after GC invocations=26 (full 4):
 PSYoungGen      total 110592K, used 4530K [0x00000007aab00000, 0x00000007b2880000, 0x0000000800000000)
  eden space 101888K, 0% used [0x00000007aab00000,0x00000007aab00000,0x00000007b0e80000)
  from space 8704K, 52% used [0x00000007b2000000,0x00000007b246caf0,0x00000007b2880000)
  to   space 13312K, 0% used [0x00000007b0e80000,0x00000007b0e80000,0x00000007b1b80000)
 ParOldGen       total 84992K, used 62163K [0x0000000700000000, 0x0000000705300000, 0x00000007aab00000)
  object space 84992K, 73% used [0x0000000700000000,0x0000000703cb4dc0,0x0000000705300000)
 Metaspace       used 111660K, committed 112384K, reserved 1179648K
  class space    used 14329K, committed 14656K, reserved 1048576K
}
Event: 39.278 GC heap before
{Heap before GC invocations=27 (full 4):
 PSYoungGen      total 110592K, used 106418K [0x00000007aab00000, 0x00000007b2880000, 0x0000000800000000)
  eden space 101888K, 100% used [0x00000007aab00000,0x00000007b0e80000,0x00000007b0e80000)
  from space 8704K, 52% used [0x00000007b2000000,0x00000007b246caf0,0x00000007b2880000)
  to   space 13312K, 0% used [0x00000007b0e80000,0x00000007b0e80000,0x00000007b1b80000)
 ParOldGen       total 84992K, used 62163K [0x0000000700000000, 0x0000000705300000, 0x00000007aab00000)
  object space 84992K, 73% used [0x0000000700000000,0x0000000703cb4dc0,0x0000000705300000)
 Metaspace       used 117043K, committed 117824K, reserved 1179648K
  class space    used 15028K, committed 15360K, reserved 1048576K
}
Event: 39.294 GC heap after
{Heap after GC invocations=27 (full 4):
 PSYoungGen      total 108032K, used 9329K [0x00000007aab00000, 0x00000007b2700000, 0x0000000800000000)
  eden space 98304K, 0% used [0x00000007aab00000,0x00000007aab00000,0x00000007b0b00000)
  from space 9728K, 95% used [0x00000007b0e80000,0x00000007b179c738,0x00000007b1800000)
  to   space 14336K, 0% used [0x00000007b1900000,0x00000007b1900000,0x00000007b2700000)
 ParOldGen       total 84992K, used 64702K [0x0000000700000000, 0x0000000705300000, 0x00000007aab00000)
  object space 84992K, 76% used [0x0000000700000000,0x0000000703f2fa98,0x0000000705300000)
 Metaspace       used 117043K, committed 117824K, reserved 1179648K
  class space    used 15028K, committed 15360K, reserved 1048576K
}
Event: 47.612 GC heap before
{Heap before GC invocations=28 (full 4):
 PSYoungGen      total 108032K, used 107633K [0x00000007aab00000, 0x00000007b2700000, 0x0000000800000000)
  eden space 98304K, 100% used [0x00000007aab00000,0x00000007b0b00000,0x00000007b0b00000)
  from space 9728K, 95% used [0x00000007b0e80000,0x00000007b179c738,0x00000007b1800000)
  to   space 14336K, 0% used [0x00000007b1900000,0x00000007b1900000,0x00000007b2700000)
 ParOldGen       total 84992K, used 64702K [0x0000000700000000, 0x0000000705300000, 0x00000007aab00000)
  object space 84992K, 76% used [0x0000000700000000,0x0000000703f2fa98,0x0000000705300000)
 Metaspace       used 128590K, committed 129344K, reserved 1179648K
  class space    used 16340K, committed 16704K, reserved 1048576K
}
Event: 47.634 GC heap after
{Heap after GC invocations=28 (full 4):
 PSYoungGen      total 104448K, used 6372K [0x00000007aab00000, 0x00000007b2280000, 0x0000000800000000)
  eden space 94720K, 0% used [0x00000007aab00000,0x00000007aab00000,0x00000007b0780000)
  from space 9728K, 65% used [0x00000007b1900000,0x00000007b1f39350,0x00000007b2280000)
  to   space 13824K, 0% used [0x00000007b0780000,0x00000007b0780000,0x00000007b1500000)
 ParOldGen       total 84992K, used 68598K [0x0000000700000000, 0x0000000705300000, 0x00000007aab00000)
  object space 84992K, 80% used [0x0000000700000000,0x00000007042fdad8,0x0000000705300000)
 Metaspace       used 128590K, committed 129344K, reserved 1179648K
  class space    used 16340K, committed 16704K, reserved 1048576K
}

