# JRE version: Java(TM) SE Runtime Environment (17.0.12+8) (build 17.0.12+8-LTS-286)
# Java VM: Java HotSpot(TM) 64-Bit Server VM (17.0.12+8-LTS-286, mixed mode, sharing, tiered, compressed oops, compressed class ptrs, parallel gc, windows-amd64)
GC Precious Log:
 CPUs: 8 total, 8 available
 Memory: 7914M
 Large Page Support: Disabled
 NUMA Support: Disabled
 Compressed Oops: Enabled (Zero based)
 Alignments: Space 512K, Generation 512K, Heap 2M
 Heap Min Capacity: 8M
 Heap Initial Capacity: 124M
 Heap Max Capacity: 4G
 Pre-touch: Disabled
 Parallel Workers: 8
Heap:
 PSYoungGen      total 237056K, used 208814K [0x00000007aab00000, 0x00000007baf00000, 0x0000000800000000)
  eden space 220160K, 94% used [0x00000007aab00000,0x00000007b76ebaa8,0x00000007b8200000)
  from space 16896K, 0% used [0x00000007b9e00000,0x00000007b9e00000,0x00000007bae80000)
  to   space 23040K, 0% used [0x00000007b8200000,0x00000007b8200000,0x00000007b9880000)
 ParOldGen       total 114176K, used 101383K [0x0000000700000000, 0x0000000706f80000, 0x00000007aab00000)
  object space 114176K, 88% used [0x0000000700000000,0x0000000706301d78,0x0000000706f80000)
 Metaspace       used 60792K, committed 61312K, reserved 1114112K
  class space    used 8385K, committed 8640K, reserved 1048576K
GC Heap History (20 events):
Event: 29.622 GC heap before
{Heap before GC invocations=29 (full 2):
 PSYoungGen      total 90624K, used 86853K [0x00000007aab00000, 0x00000007b0c00000, 0x0000000800000000)
  eden space 81920K, 100% used [0x00000007aab00000,0x00000007afb00000,0x00000007afb00000)
  from space 8704K, 56% used [0x00000007b0380000,0x00000007b0851598,0x00000007b0c00000)
  to   space 8704K, 0% used [0x00000007afb00000,0x00000007afb00000,0x00000007b0380000)
 ParOldGen       total 84992K, used 67996K [0x0000000700000000, 0x0000000705300000, 0x00000007aab00000)
  object space 84992K, 80% used [0x0000000700000000,0x0000000704267120,0x0000000705300000)
 Metaspace       used 58891K, committed 59456K, reserved 1114112K
  class space    used 8177K, committed 8448K, reserved 1048576K
}
Event: 29.639 GC heap after
{Heap after GC invocations=29 (full 2):
 PSYoungGen      total 90624K, used 4453K [0x00000007aab00000, 0x00000007b2b00000, 0x0000000800000000)
  eden space 81920K, 0% used [0x00000007aab00000,0x00000007aab00000,0x00000007afb00000)
  from space 8704K, 51% used [0x00000007afb00000,0x00000007aff59520,0x00000007b0380000)
  to   space 8192K, 0% used [0x00000007b2300000,0x00000007b2300000,0x00000007b2b00000)
 ParOldGen       total 84992K, used 72538K [0x0000000700000000, 0x0000000705300000, 0x00000007aab00000)
  object space 84992K, 85% used [0x0000000700000000,0x00000007046d6a18,0x0000000705300000)
 Metaspace       used 58891K, committed 59456K, reserved 1114112K
  class space    used 8177K, committed 8448K, reserved 1048576K
}
Event: 30.062 GC heap before
{Heap before GC invocations=30 (full 2):
 PSYoungGen      total 90624K, used 86373K [0x00000007aab00000, 0x00000007b2b00000, 0x0000000800000000)
  eden space 81920K, 100% used [0x00000007aab00000,0x00000007afb00000,0x00000007afb00000)
  from space 8704K, 51% used [0x00000007afb00000,0x00000007aff59520,0x00000007b0380000)
  to   space 8192K, 0% used [0x00000007b2300000,0x00000007b2300000,0x00000007b2b00000)
 ParOldGen       total 84992K, used 72553K [0x0000000700000000, 0x0000000705300000, 0x00000007aab00000)
  object space 84992K, 85% used [0x0000000700000000,0x00000007046da448,0x0000000705300000)
 Metaspace       used 58939K, committed 59520K, reserved 1114112K
  class space    used 8177K, committed 8448K, reserved 1048576K
}
Event: 30.079 GC heap after
{Heap after GC invocations=30 (full 2):
 PSYoungGen      total 122368K, used 6696K [0x00000007aab00000, 0x00000007b2c00000, 0x0000000800000000)
  eden space 114176K, 0% used [0x00000007aab00000,0x00000007aab00000,0x00000007b1a80000)
  from space 8192K, 81% used [0x00000007b2300000,0x00000007b298a228,0x00000007b2b00000)
  to   space 8704K, 0% used [0x00000007b1a80000,0x00000007b1a80000,0x00000007b2300000)
 ParOldGen       total 84992K, used 75714K [0x0000000700000000, 0x0000000705300000, 0x00000007aab00000)
  object space 84992K, 89% used [0x0000000700000000,0x00000007049f0998,0x0000000705300000)
 Metaspace       used 58939K, committed 59520K, reserved 1114112K
  class space    used 8177K, committed 8448K, reserved 1048576K
}
Event: 30.954 GC heap before
{Heap before GC invocations=31 (full 2):
 PSYoungGen      total 122368K, used 120872K [0x00000007aab00000, 0x00000007b2c00000, 0x0000000800000000)
  eden space 114176K, 100% used [0x00000007aab00000,0x00000007b1a80000,0x00000007b1a80000)
  from space 8192K, 81% used [0x00000007b2300000,0x00000007b298a228,0x00000007b2b00000)
  to   space 8704K, 0% used [0x00000007b1a80000,0x00000007b1a80000,0x00000007b2300000)
 ParOldGen       total 84992K, used 75714K [0x0000000700000000, 0x0000000705300000, 0x00000007aab00000)
  object space 84992K, 89% used [0x0000000700000000,0x00000007049f0998,0x0000000705300000)
 Metaspace       used 58954K, committed 59520K, reserved 1114112K
  class space    used 8177K, committed 8448K, reserved 1048576K
}
Event: 30.974 GC heap after
{Heap after GC invocations=31 (full 2):
 PSYoungGen      total 122880K, used 4576K [0x00000007aab00000, 0x00000007b5880000, 0x0000000800000000)
  eden space 114176K, 0% used [0x00000007aab00000,0x00000007aab00000,0x00000007b1a80000)
  from space 8704K, 52% used [0x00000007b1a80000,0x00000007b1ef8000,0x00000007b2300000)
  to   space 8704K, 0% used [0x00000007b5000000,0x00000007b5000000,0x00000007b5880000)
 ParOldGen       total 84992K, used 81554K [0x0000000700000000, 0x0000000705300000, 0x00000007aab00000)
  object space 84992K, 95% used [0x0000000700000000,0x0000000704fa4998,0x0000000705300000)
 Metaspace       used 58954K, committed 59520K, reserved 1114112K
  class space    used 8177K, committed 8448K, reserved 1048576K
}
Event: 30.974 GC heap before
{Heap before GC invocations=32 (full 3):
 PSYoungGen      total 122880K, used 4576K [0x00000007aab00000, 0x00000007b5880000, 0x0000000800000000)
  eden space 114176K, 0% used [0x00000007aab00000,0x00000007aab00000,0x00000007b1a80000)
  from space 8704K, 52% used [0x00000007b1a80000,0x00000007b1ef8000,0x00000007b2300000)
  to   space 8704K, 0% used [0x00000007b5000000,0x00000007b5000000,0x00000007b5880000)
 ParOldGen       total 84992K, used 81554K [0x0000000700000000, 0x0000000705300000, 0x00000007aab00000)
  object space 84992K, 95% used [0x0000000700000000,0x0000000704fa4998,0x0000000705300000)
 Metaspace       used 58954K, committed 59520K, reserved 1114112K
  class space    used 8177K, committed 8448K, reserved 1048576K
}
Event: 31.201 GC heap after
{Heap after GC invocations=32 (full 3):
 PSYoungGen      total 146944K, used 0K [0x00000007aab00000, 0x00000007b5080000, 0x0000000800000000)
  eden space 146432K, 0% used [0x00000007aab00000,0x00000007aab00000,0x00000007b3a00000)
  from space 512K, 0% used [0x00000007b5000000,0x00000007b5000000,0x00000007b5080000)
  to   space 8704K, 0% used [0x00000007b3f80000,0x00000007b3f80000,0x00000007b4800000)
 ParOldGen       total 114176K, used 65625K [0x0000000700000000, 0x0000000706f80000, 0x00000007aab00000)
  object space 114176K, 57% used [0x0000000700000000,0x00000007040166a8,0x0000000706f80000)
 Metaspace       used 58951K, committed 59520K, reserved 1114112K
  class space    used 8176K, committed 8448K, reserved 1048576K
}
Event: 31.976 GC heap before
{Heap before GC invocations=33 (full 3):
 PSYoungGen      total 146944K, used 146432K [0x00000007aab00000, 0x00000007b5080000, 0x0000000800000000)
  eden space 146432K, 100% used [0x00000007aab00000,0x00000007b3a00000,0x00000007b3a00000)
  from space 512K, 0% used [0x00000007b5000000,0x00000007b5000000,0x00000007b5080000)
  to   space 8704K, 0% used [0x00000007b3f80000,0x00000007b3f80000,0x00000007b4800000)
 ParOldGen       total 114176K, used 65625K [0x0000000700000000, 0x0000000706f80000, 0x00000007aab00000)
  object space 114176K, 57% used [0x0000000700000000,0x00000007040166a8,0x0000000706f80000)
 Metaspace       used 58951K, committed 59520K, reserved 1114112K
  class space    used 8176K, committed 8448K, reserved 1048576K
}
Event: 31.979 GC heap after
{Heap after GC invocations=33 (full 3):
 PSYoungGen      total 160768K, used 2976K [0x00000007aab00000, 0x00000007b6f00000, 0x0000000800000000)
  eden space 152064K, 0% used [0x00000007aab00000,0x00000007aab00000,0x00000007b3f80000)
  from space 8704K, 34% used [0x00000007b3f80000,0x00000007b4268000,0x00000007b4800000)
  to   space 8192K, 0% used [0x00000007b6700000,0x00000007b6700000,0x00000007b6f00000)
 ParOldGen       total 114176K, used 65625K [0x0000000700000000, 0x0000000706f80000, 0x00000007aab00000)
  object space 114176K, 57% used [0x0000000700000000,0x00000007040166a8,0x0000000706f80000)
 Metaspace       used 58951K, committed 59520K, reserved 1114112K
  class space    used 8176K, committed 8448K, reserved 1048576K
}
Event: 32.603 GC heap before
{Heap before GC invocations=34 (full 3):
 PSYoungGen      total 160768K, used 155040K [0x00000007aab00000, 0x00000007b6f00000, 0x0000000800000000)
  eden space 152064K, 100% used [0x00000007aab00000,0x00000007b3f80000,0x00000007b3f80000)
  from space 8704K, 34% used [0x00000007b3f80000,0x00000007b4268000,0x00000007b4800000)
  to   space 8192K, 0% used [0x00000007b6700000,0x00000007b6700000,0x00000007b6f00000)
 ParOldGen       total 114176K, used 65625K [0x0000000700000000, 0x0000000706f80000, 0x00000007aab00000)
  object space 114176K, 57% used [0x0000000700000000,0x00000007040166a8,0x0000000706f80000)
 Metaspace       used 58951K, committed 59520K, reserved 1114112K
  class space    used 8176K, committed 8448K, reserved 1048576K
}
Event: 32.610 GC heap after
{Heap after GC invocations=34 (full 3):
 PSYoungGen      total 192512K, used 2752K [0x00000007aab00000, 0x00000007b7400000, 0x0000000800000000)
  eden space 184320K, 0% used [0x00000007aab00000,0x00000007aab00000,0x00000007b5f00000)
  from space 8192K, 33% used [0x00000007b6700000,0x00000007b69b0000,0x00000007b6f00000)
  to   space 8192K, 0% used [0x00000007b5f00000,0x00000007b5f00000,0x00000007b6700000)
 ParOldGen       total 114176K, used 68537K [0x0000000700000000, 0x0000000706f80000, 0x00000007aab00000)
  object space 114176K, 60% used [0x0000000700000000,0x00000007042ee6a8,0x0000000706f80000)
 Metaspace       used 58951K, committed 59520K, reserved 1114112K
  class space    used 8176K, committed 8448K, reserved 1048576K
}
Event: 33.920 GC heap before
{Heap before GC invocations=35 (full 3):
 PSYoungGen      total 192512K, used 187072K [0x00000007aab00000, 0x00000007b7400000, 0x0000000800000000)
  eden space 184320K, 100% used [0x00000007aab00000,0x00000007b5f00000,0x00000007b5f00000)
  from space 8192K, 33% used [0x00000007b6700000,0x00000007b69b0000,0x00000007b6f00000)
  to   space 8192K, 0% used [0x00000007b5f00000,0x00000007b5f00000,0x00000007b6700000)
 ParOldGen       total 114176K, used 68537K [0x0000000700000000, 0x0000000706f80000, 0x00000007aab00000)
  object space 114176K, 60% used [0x0000000700000000,0x00000007042ee6a8,0x0000000706f80000)
 Metaspace       used 59133K, committed 59648K, reserved 1114112K
  class space    used 8210K, committed 8448K, reserved 1048576K
}
Event: 33.965 GC heap after
{Heap after GC invocations=35 (full 3):
 PSYoungGen      total 192512K, used 8160K [0x00000007aab00000, 0x00000007bae80000, 0x0000000800000000)
  eden space 184320K, 0% used [0x00000007aab00000,0x00000007aab00000,0x00000007b5f00000)
  from space 8192K, 99% used [0x00000007b5f00000,0x00000007b66f8040,0x00000007b6700000)
  to   space 16896K, 0% used [0x00000007b9e00000,0x00000007b9e00000,0x00000007bae80000)
 ParOldGen       total 114176K, used 89213K [0x0000000700000000, 0x0000000706f80000, 0x00000007aab00000)
  object space 114176K, 78% used [0x0000000700000000,0x000000070571f768,0x0000000706f80000)
 Metaspace       used 59133K, committed 59648K, reserved 1114112K
  class space    used 8210K, committed 8448K, reserved 1048576K
}
Event: 36.076 GC heap before
{Heap before GC invocations=36 (full 3):
 PSYoungGen      total 192512K, used 192480K [0x00000007aab00000, 0x00000007bae80000, 0x0000000800000000)
  eden space 184320K, 100% used [0x00000007aab00000,0x00000007b5f00000,0x00000007b5f00000)
  from space 8192K, 99% used [0x00000007b5f00000,0x00000007b66f8040,0x00000007b6700000)
  to   space 16896K, 0% used [0x00000007b9e00000,0x00000007b9e00000,0x00000007bae80000)
 ParOldGen       total 114176K, used 89213K [0x0000000700000000, 0x0000000706f80000, 0x00000007aab00000)
  object space 114176K, 78% used [0x0000000700000000,0x000000070571f768,0x0000000706f80000)
 Metaspace       used 60537K, committed 61056K, reserved 1114112K
  class space    used 8386K, committed 8640K, reserved 1048576K
}
Event: 36.132 GC heap after
{Heap after GC invocations=36 (full 3):
 PSYoungGen      total 237056K, used 16876K [0x00000007aab00000, 0x00000007baf00000, 0x0000000800000000)
  eden space 220160K, 0% used [0x00000007aab00000,0x00000007aab00000,0x00000007b8200000)
  from space 16896K, 99% used [0x00000007b9e00000,0x00000007bae7b3f8,0x00000007bae80000)
  to   space 23040K, 0% used [0x00000007b8200000,0x00000007b8200000,0x00000007b9880000)
 ParOldGen       total 114176K, used 97885K [0x0000000700000000, 0x0000000706f80000, 0x00000007aab00000)
  object space 114176K, 85% used [0x0000000700000000,0x0000000705f977c8,0x0000000706f80000)
 Metaspace       used 60537K, committed 61056K, reserved 1114112K
  class space    used 8386K, committed 8640K, reserved 1048576K
}
Event: 38.097 GC heap before
{Heap before GC invocations=37 (full 3):
 PSYoungGen      total 237056K, used 237036K [0x00000007aab00000, 0x00000007baf00000, 0x0000000800000000)
  eden space 220160K, 100% used [0x00000007aab00000,0x00000007b8200000,0x00000007b8200000)
  from space 16896K, 99% used [0x00000007b9e00000,0x00000007bae7b3f8,0x00000007bae80000)
  to   space 23040K, 0% used [0x00000007b8200000,0x00000007b8200000,0x00000007b9880000)
 ParOldGen       total 114176K, used 97885K [0x0000000700000000, 0x0000000706f80000, 0x00000007aab00000)
  object space 114176K, 85% used [0x0000000700000000,0x0000000705f977c8,0x0000000706f80000)
 Metaspace       used 60753K, committed 61312K, reserved 1114112K
  class space    used 8387K, committed 8640K, reserved 1048576K
}
Event: 39.374 GC heap after
{Heap after GC invocations=37 (full 3):
 PSYoungGen      total 243200K, used 5303K [0x00000007aab00000, 0x00000007baf00000, 0x0000000800000000)
  eden space 220160K, 0% used [0x00000007aab00000,0x00000007aab00000,0x00000007b8200000)
  from space 23040K, 23% used [0x00000007b8200000,0x00000007b872dc10,0x00000007b9880000)
  to   space 16896K, 0% used [0x00000007b9e00000,0x00000007b9e00000,0x00000007bae80000)
 ParOldGen       total 114176K, used 112543K [0x0000000700000000, 0x0000000706f80000, 0x00000007aab00000)
  object space 114176K, 98% used [0x0000000700000000,0x0000000706de7d40,0x0000000706f80000)
 Metaspace       used 60753K, committed 61312K, reserved 1114112K
  class space    used 8387K, committed 8640K, reserved 1048576K
}
Event: 39.374 GC heap before
{Heap before GC invocations=38 (full 4):
 PSYoungGen      total 243200K, used 5303K [0x00000007aab00000, 0x00000007baf00000, 0x0000000800000000)
  eden space 220160K, 0% used [0x00000007aab00000,0x00000007aab00000,0x00000007b8200000)
  from space 23040K, 23% used [0x00000007b8200000,0x00000007b872dc10,0x00000007b9880000)
  to   space 16896K, 0% used [0x00000007b9e00000,0x00000007b9e00000,0x00000007bae80000)
 ParOldGen       total 114176K, used 112543K [0x0000000700000000, 0x0000000706f80000, 0x00000007aab00000)
  object space 114176K, 98% used [0x0000000700000000,0x0000000706de7d40,0x0000000706f80000)
 Metaspace       used 60753K, committed 61312K, reserved 1114112K
  class space    used 8387K, committed 8640K, reserved 1048576K
}
Event: 45.637 GC heap after
{Heap after GC invocations=38 (full 4):
 PSYoungGen      total 237056K, used 0K [0x00000007aab00000, 0x00000007baf00000, 0x0000000800000000)
  eden space 220160K, 0% used [0x00000007aab00000,0x00000007aab00000,0x00000007b8200000)
  from space 16896K, 0% used [0x00000007b9e00000,0x00000007b9e00000,0x00000007bae80000)
  to   space 23040K, 0% used [0x00000007b8200000,0x00000007b8200000,0x00000007b9880000)
 ParOldGen       total 114176K, used 101383K [0x0000000700000000, 0x0000000706f80000, 0x00000007aab00000)
  object space 114176K, 88% used [0x0000000700000000,0x0000000706301d78,0x0000000706f80000)
 Metaspace       used 60748K, committed 61312K, reserved 1114112K
  class space    used 8385K, committed 8640K, reserved 1048576K
}

