<?xml version="1.0" encoding="UTF-8"?>
<testsuite name="com.grocery.billing.BillTextBuilderTest" tests="3" skipped="0" failures="0" errors="0" timestamp="2026-08-16T19:23:12" hostname="sanjayellur" time="0.076">
  <properties/>
  <testcase name="buildsFullBillText" classname="com.grocery.billing.BillTextBuilderTest" time="0.075"/>
  <testcase name="omitsDiscountWhenZero" classname="com.grocery.billing.BillTextBuilderTest" time="0.001"/>
  <testcase name="omitsAddressWhenHidden" classname="com.grocery.billing.BillTextBuilderTest" time="0.0"/>
  <system-out><![CDATA[]]></system-out>
  <system-err><![CDATA[]]></system-err>
</testsuite>
