<?xml version="1.0" encoding="UTF-8"?>
<testsuite name="com.grocery.billing.ProductRankerTest" tests="6" skipped="0" failures="0" errors="0" timestamp="2026-08-16T19:23:12" hostname="sanjayellur" time="0.155">
  <properties/>
  <testcase name="emptyQueryKeepsOrder" classname="com.grocery.billing.ProductRankerTest" time="0.024"/>
  <testcase name="prefixMatchesBeforeContains" classname="com.grocery.billing.ProductRankerTest" time="0.128"/>
  <testcase name="exactMatchFirst" classname="com.grocery.billing.ProductRankerTest" time="0.001"/>
  <testcase name="exactBarcodeMatchFirst" classname="com.grocery.billing.ProductRankerTest" time="0.0"/>
  <testcase name="nonMatchingProductsRankedLast" classname="com.grocery.billing.ProductRankerTest" time="0.0"/>
  <testcase name="caseInsensitiveRanking" classname="com.grocery.billing.ProductRankerTest" time="0.0"/>
  <system-out><![CDATA[]]></system-out>
  <system-err><![CDATA[]]></system-err>
</testsuite>
