<?xml version="1.0" encoding="UTF-8"?>
<testsuite name="com.grocery.billing.BillCalculatorTest" tests="9" skipped="0" failures="0" errors="0" timestamp="2026-08-16T19:23:11" hostname="sanjayellur" time="0.852">
  <properties/>
  <testcase name="grandTotalWithDiscount" classname="com.grocery.billing.BillCalculatorTest" time="0.197"/>
  <testcase name="rateValidation" classname="com.grocery.billing.BillCalculatorTest" time="0.322"/>
  <testcase name="amountDecimalRate" classname="com.grocery.billing.BillCalculatorTest" time="0.0"/>
  <testcase name="amountDecimalQuantity" classname="com.grocery.billing.BillCalculatorTest" time="0.0"/>
  <testcase name="amountTwoTimesSixty" classname="com.grocery.billing.BillCalculatorTest" time="0.001"/>
  <testcase name="roundingNearestPaise" classname="com.grocery.billing.BillCalculatorTest" time="0.001"/>
  <testcase name="subtotalSumsAmounts" classname="com.grocery.billing.BillCalculatorTest" time="0.325"/>
  <testcase name="quantityValidation" classname="com.grocery.billing.BillCalculatorTest" time="0.001"/>
  <testcase name="grandTotalNeverNegative" classname="com.grocery.billing.BillCalculatorTest" time="0.001"/>
  <system-out><![CDATA[]]></system-out>
  <system-err><![CDATA[]]></system-err>
</testsuite>
