<?xml version="1.0" encoding="UTF-8"?>
<testsuite name="com.grocery.billing.CsvImportAnalyzerTest" tests="12" skipped="0" failures="0" errors="0" timestamp="2026-08-16T19:23:12" hostname="sanjayellur" time="0.174">
  <properties/>
  <testcase name="optionalPriceUnitBarcodeParsed" classname="com.grocery.billing.CsvImportAnalyzerTest" time="0.159"/>
  <testcase name="existingIdsMarkedDuplicate" classname="com.grocery.billing.CsvImportAnalyzerTest" time="0.004"/>
  <testcase name="caseInsensitiveHeader" classname="com.grocery.billing.CsvImportAnalyzerTest" time="0.0"/>
  <testcase name="missingOptionalColumnsDefault" classname="com.grocery.billing.CsvImportAnalyzerTest" time="0.0"/>
  <testcase name="emptyFileRejected" classname="com.grocery.billing.CsvImportAnalyzerTest" time="0.001"/>
  <testcase name="validFileAnalyzes" classname="com.grocery.billing.CsvImportAnalyzerTest" time="0.0"/>
  <testcase name="duplicateIdsWithinFileDetected" classname="com.grocery.billing.CsvImportAnalyzerTest" time="0.0"/>
  <testcase name="invalidPriceRejectsRow" classname="com.grocery.billing.CsvImportAnalyzerTest" time="0.005"/>
  <testcase name="blankLinesIgnored" classname="com.grocery.billing.CsvImportAnalyzerTest" time="0.0"/>
  <testcase name="emptyBarcodeBecomesNull" classname="com.grocery.billing.CsvImportAnalyzerTest" time="0.001"/>
  <testcase name="invalidRowsCounted" classname="com.grocery.billing.CsvImportAnalyzerTest" time="0.001"/>
  <testcase name="missingColumnsRejected" classname="com.grocery.billing.CsvImportAnalyzerTest" time="0.0"/>
  <system-out><![CDATA[]]></system-out>
  <system-err><![CDATA[]]></system-err>
</testsuite>
