<?xml version="1.0" encoding="UTF-8"?>
<testsuite name="com.grocery.billing.BillNumbersTest" tests="5" skipped="0" failures="0" errors="0" timestamp="2026-08-16T19:23:12" hostname="sanjayellur" time="0.062">
  <properties/>
  <testcase name="nextNumberHandlesMissingDigits" classname="com.grocery.billing.BillNumbersTest" time="0.028"/>
  <testcase name="nextNumberContinuesSequence" classname="com.grocery.billing.BillNumbersTest" time="0.001"/>
  <testcase name="nextNumberIsMaxPlusOne" classname="com.grocery.billing.BillNumbersTest" time="0.0"/>
  <testcase name="formatsSequential" classname="com.grocery.billing.BillNumbersTest" time="0.001"/>
  <testcase name="nextNumberStartsAtOne" classname="com.grocery.billing.BillNumbersTest" time="0.031"/>
  <system-out><![CDATA[]]></system-out>
  <system-err><![CDATA[]]></system-err>
</testsuite>
